\BOOKMARK [0][-]{Doc-Start}{\376\377\000D\000e\000c\000l\000a\000r\000a\000t\000i\000o\000n\000\040\000o\000f\000\040\000A\000u\000t\000h\000o\000r\000s\000h\000i\000p}{}% 1
\BOOKMARK [0][-]{Doc-Start}{\376\377\000A\000b\000s\000t\000r\000a\000c\000t}{}% 2
\BOOKMARK [0][-]{Doc-Start}{\376\377\000A\000c\000k\000n\000o\000w\000l\000e\000d\000g\000e\000m\000e\000n\000t\000s}{}% 3
\BOOKMARK [0][-]{chapter.10}{\376\377\000I\000n\000t\000r\000o\000d\000u\000c\000t\000i\000o\000n}{}% 4
\BOOKMARK [1][-]{section.11}{\376\377\000S\000l\000o\000t\000h\000s}{chapter.10}% 5
\BOOKMARK [1][-]{section.12}{\376\377\000m\000i\000t\000o\000c\000h\000o\000n\000d\000r\000i\000a\000l\000\040\000D\000N\000A\000\050\000m\000t\000D\000N\000A\000\051\000\040\000\046\000\040\000n\000u\000c\000l\000e\000a\000r\000\040\000m\000i\000t\000o\000c\000h\000o\000n\000d\000i\000r\000a\000l\000\040\000D\000N\000A\000\050\000n\000u\000m\000t\000s\000\051}{chapter.10}% 6
\BOOKMARK [2][-]{subsection.13}{\376\377\000s\000p\000e\000c\000i\000f\000i\000c\000s\000\040\000o\000f\000\040\000m\000a\000m\000m\000a\000l\000i\000a\000n\000\040\000m\000t\000D\000N\000A}{section.12}% 7
\BOOKMARK [2][-]{subsection.14}{\376\377\000n\000u\000c\000l\000e\000a\000r\000\040\000m\000i\000t\000o\000c\000h\000o\000n\000d\000r\000i\000a\000l\000\040\000D\000N\000A\000\050\000n\000u\000m\000t\000s\000\051}{section.12}% 8
\BOOKMARK [1][-]{section.15}{\376\377\000n\000u\000c\000l\000e\000a\000r\000\040\000m\000i\000t\000o\000c\000h\000o\000n\000d\000r\000i\000a\000l\000\040\000D\000N\000A\000\050\000n\000u\000m\000t\000s\000\051}{chapter.10}% 9
\BOOKMARK [2][-]{subsection.16}{\376\377\000A\000b\000o\000u\000t\000\040\000t\000h\000i\000s\000\040\000T\000e\000m\000p\000l\000a\000t\000e}{section.15}% 10
\BOOKMARK [1][-]{section.17}{\376\377\000W\000h\000a\000t\000\040\000t\000h\000i\000s\000\040\000T\000e\000m\000p\000l\000a\000t\000e\000\040\000I\000n\000c\000l\000u\000d\000e\000s}{chapter.10}% 11
\BOOKMARK [2][-]{subsection.18}{\376\377\000F\000o\000l\000d\000e\000r\000s}{section.17}% 12
\BOOKMARK [2][-]{subsection.19}{\376\377\000F\000i\000l\000e\000s}{section.17}% 13
\BOOKMARK [1][-]{section.20}{\376\377\000F\000i\000l\000l\000i\000n\000g\000\040\000i\000n\000\040\000Y\000o\000u\000r\000\040\000I\000n\000f\000o\000r\000m\000a\000t\000i\000o\000n\000\040\000i\000n\000\040\000t\000h\000e\000\040\000m\000a\000i\000n\000.\000t\000e\000x\000\040\000F\000i\000l\000e}{chapter.10}% 14
\BOOKMARK [1][-]{section.21}{\376\377\000T\000h\000e\000\040\000m\000a\000i\000n\000.\000t\000e\000x\000\040\000F\000i\000l\000e\000\040\000E\000x\000p\000l\000a\000i\000n\000e\000d}{chapter.10}% 15
\BOOKMARK [1][-]{section.22}{\376\377\000T\000h\000e\000s\000i\000s\000\040\000F\000e\000a\000t\000u\000r\000e\000s\000\040\000a\000n\000d\000\040\000C\000o\000n\000v\000e\000n\000t\000i\000o\000n\000s}{chapter.10}% 16
\BOOKMARK [2][-]{subsection.23}{\376\377\000P\000r\000i\000n\000t\000i\000n\000g\000\040\000F\000o\000r\000m\000a\000t}{section.22}% 17
\BOOKMARK [2][-]{subsection.24}{\376\377\000U\000s\000i\000n\000g\000\040\000U\000S\000\040\000L\000e\000t\000t\000e\000r\000\040\000P\000a\000p\000e\000r}{section.22}% 18
\BOOKMARK [2][-]{subsection.25}{\376\377\000R\000e\000f\000e\000r\000e\000n\000c\000e\000s}{section.22}% 19
\BOOKMARK [3][-]{section*.27}{\376\377\000A\000\040\000N\000o\000t\000e\000\040\000o\000n\000\040\000b\000i\000b\000t\000e\000x}{subsection.25}% 20
\BOOKMARK [2][-]{subsection.28}{\376\377\000T\000a\000b\000l\000e\000s}{section.22}% 21
\BOOKMARK [2][-]{subsection.30}{\376\377\000F\000i\000g\000u\000r\000e\000s}{section.22}% 22
\BOOKMARK [2][-]{subsection.32}{\376\377\000T\000y\000p\000e\000s\000e\000t\000t\000i\000n\000g\000\040\000m\000a\000t\000h\000e\000m\000a\000t\000i\000c\000s}{section.22}% 23
\BOOKMARK [1][-]{section.34}{\376\377\000S\000e\000c\000t\000i\000o\000n\000i\000n\000g\000\040\000a\000n\000d\000\040\000S\000u\000b\000s\000e\000c\000t\000i\000o\000n\000i\000n\000g}{chapter.10}% 24
\BOOKMARK [1][-]{section.35}{\376\377\000I\000n\000\040\000C\000l\000o\000s\000i\000n\000g}{chapter.10}% 25
\BOOKMARK [0][-]{appendix.36}{\376\377\000A\000p\000p\000e\000n\000d\000i\000x\000\040\000T\000i\000t\000l\000e\000\040\000H\000e\000r\000e}{}% 26
\BOOKMARK [0][-]{appendix*.37}{\376\377\000B\000i\000b\000l\000i\000o\000g\000r\000a\000p\000h\000y}{}% 27
